*** Using Compiler 'V5.06 update 7 (build 960)', folder: 'D:\app\keil\ARM\ARMCC\Bin'
Build target 'ATK_ADC'
assembling startup_stm32l496xx.s...
compiling main.c...
compiling stm32l4xx_it.c...
compiling stm32l4xx_hal_cortex.c...
compiling stm32l4xx_hal_pwr.c...
compiling system_stm32l4xx.c...
compiling stm32l4xx_hal.c...
compiling stm32l4xx_hal_gpio.c...
compiling stm32l4xx_hal_pwr_ex.c...
compiling stm32l4xx_hal_usart_ex.c...
compiling stm32l4xx_hal_uart_ex.c...
compiling stm32l4xx_hal_dma.c...
compiling stm32l4xx_hal_dma_ex.c...
compiling stm32l4xx_hal_rcc.c...
compiling stm32l4xx_hal_rcc_ex.c...
compiling stm32l4xx_hal_usart.c...
compiling stm32l4xx_hal_uart.c...
compiling stm32l4xx_hal_spi_ex.c...
compiling sys.c...
compiling stm32l4xx_hal_tim_ex.c...
compiling delay.c...
compiling stm32l4xx_hal_adc_ex.c...
compiling stm32l4xx_hal_spi.c...
compiling stm32l4xx_hal_adc.c...
compiling usart.c...
compiling stm32l4xx_hal_tim.c...
compiling key.c...
compiling led.c...
compiling spi3.c...
compiling adc.c...
compiling lcd.c...
compiling usmart.c...
compiling usmart_config.c...
compiling usmart_str.c...
linking...
Program Size: Code=19968 RO-data=59948 RW-data=400 ZI-data=3376  
FromELF: creating hex file...
"..\OBJ\ATK_ADC.axf" - 0 Error(s), 0 Warning(s).
Build Time Elapsed:  00:00:14
